2026-06-14 12:15:37 [main] INFO  com.example.demo.DemoApplication - Starting DemoApplication using Java 21.0.11 with PID 9248 (C:\Users\dayra\OneDrive\Desktop\SDS\demo\target\classes started by dayra in C:\Users\dayra\OneDrive\Desktop\SDS\demo)
2026-06-14 12:15:37 [main] DEBUG com.example.demo.DemoApplication - Running with Spring Boot v3.5.14, Spring v6.2.18
2026-06-14 12:15:37 [main] INFO  com.example.demo.DemoApplication - No active profile set, falling back to 1 default profile: "default"
2026-06-14 12:15:37 [main] INFO  o.s.d.r.c.RepositoryConfigurationDelegate - Bootstrapping Spring Data JPA repositories in DEFAULT mode.
2026-06-14 12:15:37 [main] INFO  o.s.d.r.c.RepositoryConfigurationDelegate - Finished Spring Data repository scanning in 47 ms. Found 4 JPA repository interfaces.
2026-06-14 12:15:38 [main] INFO  o.s.b.w.e.tomcat.TomcatWebServer - Tomcat initialized with port 8866 (http)
2026-06-14 12:15:38 [main] INFO  o.a.catalina.core.StandardService - Starting service [Tomcat]
2026-06-14 12:15:38 [main] INFO  o.a.catalina.core.StandardEngine - Starting Servlet engine: [Apache Tomcat/10.1.54]
2026-06-14 12:15:38 [main] INFO  o.a.c.c.C.[Tomcat].[localhost].[/] - Initializing Spring embedded WebApplicationContext
2026-06-14 12:15:38 [main] INFO  o.s.b.w.s.c.ServletWebServerApplicationContext - Root WebApplicationContext: initialization completed in 1095 ms
2026-06-14 12:15:38 [main] INFO  o.s.o.j.p.SpringPersistenceUnitInfo - No LoadTimeWeaver setup: ignoring JPA class transformer
2026-06-14 12:15:38 [main] INFO  com.zaxxer.hikari.HikariDataSource - HikariPool-1 - Starting...
2026-06-14 12:15:38 [main] INFO  com.zaxxer.hikari.pool.HikariPool - HikariPool-1 - Added connection org.postgresql.jdbc.PgConnection@43ab9ae9
2026-06-14 12:15:38 [main] INFO  com.zaxxer.hikari.HikariDataSource - HikariPool-1 - Start completed.
2026-06-14 12:15:38 [main] WARN  org.hibernate.orm.deprecation - HHH90000025: PostgreSQLDialect does not need to be specified explicitly using 'hibernate.dialect' (remove the property setting and it will be selected by default)
2026-06-14 12:15:39 [main] INFO  o.s.o.j.LocalContainerEntityManagerFactoryBean - Initialized JPA EntityManagerFactory for persistence unit 'default'
2026-06-14 12:15:39 [main] INFO  o.s.d.j.r.query.QueryEnhancerFactory - Hibernate is in classpath; If applicable, HQL parser will be used.
2026-06-14 12:15:40 [main] DEBUG c.e.d.s.JwtAuthenticationFilter - Filter 'jwtAuthenticationFilter' configured for use
2026-06-14 12:15:40 [main] DEBUG com.example.demo.security.IpFilter - Filter 'ipFilter' configured for use
2026-06-14 12:15:40 [main] INFO  o.s.b.a.w.s.WelcomePageHandlerMapping - Adding welcome page: class path resource [static/index.html]
2026-06-14 12:15:40 [main] INFO  o.s.s.c.a.a.c.InitializeUserDetailsBeanManagerConfigurer$InitializeUserDetailsManagerConfigurer - Global AuthenticationManager configured with UserDetailsService bean with name userDetailsService
2026-06-14 12:15:40 [main] INFO  c.e.demo.security.SecurityConfig - 🔐 Configurando SecurityFilterChain...
2026-06-14 12:15:40 [main] INFO  c.e.demo.security.SecurityConfig - 📌 Sesiones configuradas como STATELESS
2026-06-14 12:15:40 [main] INFO  c.e.demo.security.SecurityConfig - ✅ SecurityFilterChain configurado correctamente
2026-06-14 12:15:40 [main] INFO  o.s.b.w.e.tomcat.TomcatWebServer - Tomcat started on port 8866 (http) with context path '/'
2026-06-14 12:15:40 [main] INFO  com.example.demo.DemoApplication - Started DemoApplication in 4.296 seconds (process running for 4.545)
2026-06-14 12:15:55 [http-nio-8866-exec-1] INFO  o.a.c.c.C.[Tomcat].[localhost].[/] - Initializing Spring DispatcherServlet 'dispatcherServlet'
2026-06-14 12:15:55 [http-nio-8866-exec-1] INFO  o.s.web.servlet.DispatcherServlet - Initializing Servlet 'dispatcherServlet'
2026-06-14 12:15:55 [http-nio-8866-exec-1] INFO  o.s.web.servlet.DispatcherServlet - Completed initialization in 3 ms
2026-06-14 12:15:55 [http-nio-8866-exec-1] DEBUG com.example.demo.security.IpFilter - Verificando IP: 0:0:0:0:0:0:0:1
2026-06-14 12:15:55 [http-nio-8866-exec-2] DEBUG com.example.demo.security.IpFilter - Verificando IP: 0:0:0:0:0:0:0:1
2026-06-14 12:23:29 [http-nio-8866-exec-4] DEBUG com.example.demo.security.IpFilter - Verificando IP: 0:0:0:0:0:0:0:1
2026-06-14 12:23:29 [http-nio-8866-exec-5] DEBUG com.example.demo.security.IpFilter - Verificando IP: 0:0:0:0:0:0:0:1
2026-06-14 12:23:30 [http-nio-8866-exec-6] DEBUG com.example.demo.security.IpFilter - Verificando IP: 0:0:0:0:0:0:0:1
2026-06-14 12:23:30 [http-nio-8866-exec-7] DEBUG com.example.demo.security.IpFilter - Verificando IP: 0:0:0:0:0:0:0:1
2026-06-14 12:23:39 [SpringApplicationShutdownHook] INFO  o.s.b.w.e.tomcat.GracefulShutdown - Commencing graceful shutdown. Waiting for active requests to complete
2026-06-14 12:23:39 [tomcat-shutdown] INFO  o.s.b.w.e.tomcat.GracefulShutdown - Graceful shutdown complete
2026-06-14 12:23:39 [SpringApplicationShutdownHook] INFO  o.s.o.j.LocalContainerEntityManagerFactoryBean - Closing JPA EntityManagerFactory for persistence unit 'default'
2026-06-14 12:23:39 [SpringApplicationShutdownHook] INFO  com.zaxxer.hikari.HikariDataSource - HikariPool-1 - Shutdown initiated...
2026-06-14 12:23:39 [SpringApplicationShutdownHook] INFO  com.zaxxer.hikari.HikariDataSource - HikariPool-1 - Shutdown completed.
2026-06-14 12:23:55 [main] INFO  com.example.demo.DemoApplication - Starting DemoApplication using Java 21.0.11 with PID 4980 (C:\Users\dayra\OneDrive\Desktop\SDS\demo\target\classes started by dayra in C:\Users\dayra\OneDrive\Desktop\SDS\demo)
2026-06-14 12:23:55 [main] DEBUG com.example.demo.DemoApplication - Running with Spring Boot v3.5.14, Spring v6.2.18
2026-06-14 12:23:55 [main] INFO  com.example.demo.DemoApplication - No active profile set, falling back to 1 default profile: "default"
2026-06-14 12:23:55 [main] INFO  o.s.d.r.c.RepositoryConfigurationDelegate - Bootstrapping Spring Data JPA repositories in DEFAULT mode.
2026-06-14 12:23:56 [main] INFO  o.s.d.r.c.RepositoryConfigurationDelegate - Finished Spring Data repository scanning in 43 ms. Found 4 JPA repository interfaces.
2026-06-14 12:23:56 [main] INFO  o.s.b.w.e.tomcat.TomcatWebServer - Tomcat initialized with port 8866 (http)
2026-06-14 12:23:56 [main] INFO  o.a.catalina.core.StandardService - Starting service [Tomcat]
2026-06-14 12:23:56 [main] INFO  o.a.catalina.core.StandardEngine - Starting Servlet engine: [Apache Tomcat/10.1.54]
2026-06-14 12:23:56 [main] INFO  o.a.c.c.C.[Tomcat].[localhost].[/] - Initializing Spring embedded WebApplicationContext
2026-06-14 12:23:56 [main] INFO  o.s.b.w.s.c.ServletWebServerApplicationContext - Root WebApplicationContext: initialization completed in 860 ms
2026-06-14 12:23:56 [main] INFO  o.s.o.j.p.SpringPersistenceUnitInfo - No LoadTimeWeaver setup: ignoring JPA class transformer
2026-06-14 12:23:56 [main] INFO  com.zaxxer.hikari.HikariDataSource - HikariPool-1 - Starting...
2026-06-14 12:23:56 [main] INFO  com.zaxxer.hikari.pool.HikariPool - HikariPool-1 - Added connection org.postgresql.jdbc.PgConnection@11228bee
2026-06-14 12:23:56 [main] INFO  com.zaxxer.hikari.HikariDataSource - HikariPool-1 - Start completed.
2026-06-14 12:23:56 [main] WARN  org.hibernate.orm.deprecation - HHH90000025: PostgreSQLDialect does not need to be specified explicitly using 'hibernate.dialect' (remove the property setting and it will be selected by default)
2026-06-14 12:23:57 [main] INFO  o.s.o.j.LocalContainerEntityManagerFactoryBean - Initialized JPA EntityManagerFactory for persistence unit 'default'
2026-06-14 12:23:57 [main] INFO  o.s.d.j.r.query.QueryEnhancerFactory - Hibernate is in classpath; If applicable, HQL parser will be used.
2026-06-14 12:23:58 [main] DEBUG c.e.d.s.JwtAuthenticationFilter - Filter 'jwtAuthenticationFilter' configured for use
2026-06-14 12:23:58 [main] DEBUG com.example.demo.security.IpFilter - Filter 'ipFilter' configured for use
2026-06-14 12:23:58 [main] INFO  o.s.b.a.w.s.WelcomePageHandlerMapping - Adding welcome page: class path resource [static/index.html]
2026-06-14 12:23:58 [main] INFO  o.s.s.c.a.a.c.InitializeUserDetailsBeanManagerConfigurer$InitializeUserDetailsManagerConfigurer - Global AuthenticationManager configured with UserDetailsService bean with name userDetailsService
2026-06-14 12:23:58 [main] INFO  c.e.demo.security.SecurityConfig - 🔐 Configurando SecurityFilterChain...
2026-06-14 12:23:58 [main] INFO  c.e.demo.security.SecurityConfig - 📌 Sesiones configuradas como STATELESS
2026-06-14 12:23:58 [main] INFO  c.e.demo.security.SecurityConfig - ✅ SecurityFilterChain configurado correctamente
2026-06-14 12:23:58 [main] INFO  o.s.b.w.e.tomcat.TomcatWebServer - Tomcat started on port 8866 (http) with context path '/'
2026-06-14 12:23:58 [main] INFO  com.example.demo.DemoApplication - Started DemoApplication in 3.422 seconds (process running for 3.647)
2026-06-14 12:24:02 [http-nio-8866-exec-1] INFO  o.a.c.c.C.[Tomcat].[localhost].[/] - Initializing Spring DispatcherServlet 'dispatcherServlet'
2026-06-14 12:24:02 [http-nio-8866-exec-1] INFO  o.s.web.servlet.DispatcherServlet - Initializing Servlet 'dispatcherServlet'
2026-06-14 12:24:02 [http-nio-8866-exec-1] INFO  o.s.web.servlet.DispatcherServlet - Completed initialization in 1 ms
2026-06-14 12:24:02 [http-nio-8866-exec-1] DEBUG com.example.demo.security.IpFilter - Verificando IP: 0:0:0:0:0:0:0:1
2026-06-14 12:24:02 [http-nio-8866-exec-4] DEBUG com.example.demo.security.IpFilter - Verificando IP: 0:0:0:0:0:0:0:1
2026-06-14 12:24:03 [http-nio-8866-exec-3] DEBUG com.example.demo.security.IpFilter - Verificando IP: 0:0:0:0:0:0:0:1
2026-06-14 12:24:21 [http-nio-8866-exec-2] DEBUG com.example.demo.security.IpFilter - Verificando IP: 0:0:0:0:0:0:0:1
2026-06-14 12:24:21 [http-nio-8866-exec-5] DEBUG com.example.demo.security.IpFilter - Verificando IP: 0:0:0:0:0:0:0:1
2026-06-14 12:24:21 [http-nio-8866-exec-10] DEBUG com.example.demo.security.IpFilter - Verificando IP: 0:0:0:0:0:0:0:1
2026-06-14 12:26:44 [http-nio-8866-exec-8] WARN  o.s.w.s.m.s.DefaultHandlerExceptionResolver - Resolved [org.springframework.web.bind.MethodArgumentNotValidException: Validation failed for argument [0] in public org.springframework.http.ResponseEntity<com.example.demo.dto.AuthResponse> com.example.demo.controller.AuthController.register(com.example.demo.dto.RegisterRequest,jakarta.servlet.http.HttpServletRequest): [Field error in object 'registerRequest' on field 'password': rejected value [Deikert1.]; codes [Pattern.registerRequest.password,Pattern.password,Pattern.java.lang.String,Pattern]; arguments [org.springframework.context.support.DefaultMessageSourceResolvable: codes [registerRequest.password,password]; arguments []; default message [password],[Ljakarta.validation.constraints.Pattern$Flag;@7109e0f8,^(?=.*[A-Z])(?=.*[a-z])(?=.*\d)(?=.*[@$!%*?&]).*$]; default message [debe coincidir con "^(?=.*[A-Z])(?=.*[a-z])(?=.*\d)(?=.*[@$!%*?&]).*$"]] ]
2026-06-14 12:27:37 [http-nio-8866-exec-9] WARN  o.s.w.s.m.s.DefaultHandlerExceptionResolver - Resolved [org.springframework.web.bind.MethodArgumentNotValidException: Validation failed for argument [0] in public org.springframework.http.ResponseEntity<com.example.demo.dto.AuthResponse> com.example.demo.controller.AuthController.register(com.example.demo.dto.RegisterRequest,jakarta.servlet.http.HttpServletRequest): [Field error in object 'registerRequest' on field 'password': rejected value [Deikert1.]; codes [Pattern.registerRequest.password,Pattern.password,Pattern.java.lang.String,Pattern]; arguments [org.springframework.context.support.DefaultMessageSourceResolvable: codes [registerRequest.password,password]; arguments []; default message [password],[Ljakarta.validation.constraints.Pattern$Flag;@7109e0f8,^(?=.*[A-Z])(?=.*[a-z])(?=.*\d)(?=.*[@$!%*?&]).*$]; default message [debe coincidir con "^(?=.*[A-Z])(?=.*[a-z])(?=.*\d)(?=.*[@$!%*?&]).*$"]] ]
2026-06-14 12:28:27 [http-nio-8866-exec-6] WARN  o.s.w.s.m.s.DefaultHandlerExceptionResolver - Resolved [org.springframework.web.bind.MethodArgumentNotValidException: Validation failed for argument [0] in public org.springframework.http.ResponseEntity<com.example.demo.dto.AuthResponse> com.example.demo.controller.AuthController.register(com.example.demo.dto.RegisterRequest,jakarta.servlet.http.HttpServletRequest): [Field error in object 'registerRequest' on field 'password': rejected value [Deikert?]; codes [Pattern.registerRequest.password,Pattern.password,Pattern.java.lang.String,Pattern]; arguments [org.springframework.context.support.DefaultMessageSourceResolvable: codes [registerRequest.password,password]; arguments []; default message [password],[Ljakarta.validation.constraints.Pattern$Flag;@7109e0f8,^(?=.*[A-Z])(?=.*[a-z])(?=.*\d)(?=.*[@$!%*?&]).*$]; default message [debe coincidir con "^(?=.*[A-Z])(?=.*[a-z])(?=.*\d)(?=.*[@$!%*?&]).*$"]] ]
2026-06-14 12:29:35 [http-nio-8866-exec-1] INFO  c.e.demo.service.TelegramService - ✅ Telegram message sent to 6641066558
2026-06-14 12:29:37 [http-nio-8866-exec-4] DEBUG com.example.demo.security.IpFilter - Verificando IP: 0:0:0:0:0:0:0:1
2026-06-14 12:29:37 [http-nio-8866-exec-3] DEBUG com.example.demo.security.IpFilter - Verificando IP: 0:0:0:0:0:0:0:1
2026-06-14 12:29:37 [http-nio-8866-exec-2] DEBUG com.example.demo.security.IpFilter - Verificando IP: 0:0:0:0:0:0:0:1
2026-06-14 12:29:55 [http-nio-8866-exec-5] INFO  c.e.demo.service.TelegramService - ✅ Telegram message sent to 6641066558
2026-06-14 12:30:16 [http-nio-8866-exec-10] INFO  c.e.demo.service.TelegramService - ✅ Telegram message sent to 6641066558
2026-06-14 12:30:17 [http-nio-8866-exec-7] DEBUG com.example.demo.security.IpFilter - Verificando IP: 0:0:0:0:0:0:0:1
2026-06-14 12:30:17 [http-nio-8866-exec-8] DEBUG com.example.demo.security.IpFilter - Verificando IP: 0:0:0:0:0:0:0:1
2026-06-14 12:30:17 [http-nio-8866-exec-9] DEBUG com.example.demo.security.IpFilter - Verificando IP: 0:0:0:0:0:0:0:1
2026-06-14 12:30:17 [http-nio-8866-exec-9] INFO  c.e.demo.security.SecurityConfig - 🔍 Buscando usuario: deikert
2026-06-14 12:30:17 [http-nio-8866-exec-6] DEBUG com.example.demo.security.IpFilter - Verificando IP: 0:0:0:0:0:0:0:1
2026-06-14 12:30:52 [http-nio-8866-exec-1] DEBUG com.example.demo.security.IpFilter - Verificando IP: 0:0:0:0:0:0:0:1
2026-06-14 12:30:52 [http-nio-8866-exec-1] INFO  c.e.demo.security.SecurityConfig - 🔍 Buscando usuario: deikert
2026-06-14 12:30:54 [http-nio-8866-exec-4] DEBUG com.example.demo.security.IpFilter - Verificando IP: 0:0:0:0:0:0:0:1
2026-06-14 12:30:54 [http-nio-8866-exec-4] INFO  c.e.demo.security.SecurityConfig - 🔍 Buscando usuario: deikert
2026-06-14 12:30:55 [http-nio-8866-exec-3] DEBUG com.example.demo.security.IpFilter - Verificando IP: 0:0:0:0:0:0:0:1
2026-06-14 12:30:55 [http-nio-8866-exec-3] INFO  c.e.demo.security.SecurityConfig - 🔍 Buscando usuario: deikert
2026-06-14 12:31:00 [http-nio-8866-exec-5] DEBUG com.example.demo.security.IpFilter - Verificando IP: 0:0:0:0:0:0:0:1
2026-06-14 12:31:00 [http-nio-8866-exec-10] DEBUG com.example.demo.security.IpFilter - Verificando IP: 0:0:0:0:0:0:0:1
2026-06-14 12:31:00 [http-nio-8866-exec-7] DEBUG com.example.demo.security.IpFilter - Verificando IP: 0:0:0:0:0:0:0:1
2026-06-14 12:31:04 [http-nio-8866-exec-8] DEBUG com.example.demo.security.IpFilter - Verificando IP: 0:0:0:0:0:0:0:1
2026-06-14 12:31:04 [http-nio-8866-exec-6] DEBUG com.example.demo.security.IpFilter - Verificando IP: 0:0:0:0:0:0:0:1
2026-06-14 12:31:04 [http-nio-8866-exec-9] DEBUG com.example.demo.security.IpFilter - Verificando IP: 0:0:0:0:0:0:0:1
2026-06-14 12:31:22 [http-nio-8866-exec-4] INFO  c.example.demo.service.EmailService - ✅ 2FA code sent to deikertgonzalez@gmail.com
2026-06-14 12:32:56 [http-nio-8866-exec-5] DEBUG com.example.demo.security.IpFilter - Verificando IP: 0:0:0:0:0:0:0:1
2026-06-14 12:32:56 [http-nio-8866-exec-10] DEBUG com.example.demo.security.IpFilter - Verificando IP: 0:0:0:0:0:0:0:1
2026-06-14 12:32:56 [http-nio-8866-exec-7] DEBUG com.example.demo.security.IpFilter - Verificando IP: 0:0:0:0:0:0:0:1
2026-06-14 12:33:28 [http-nio-8866-exec-8] DEBUG com.example.demo.security.IpFilter - Verificando IP: 0:0:0:0:0:0:0:1
2026-06-14 12:33:28 [http-nio-8866-exec-6] DEBUG com.example.demo.security.IpFilter - Verificando IP: 0:0:0:0:0:0:0:1
2026-06-14 12:33:28 [http-nio-8866-exec-9] DEBUG com.example.demo.security.IpFilter - Verificando IP: 0:0:0:0:0:0:0:1
2026-06-14 12:33:38 [http-nio-8866-exec-1] DEBUG com.example.demo.security.IpFilter - Verificando IP: 0:0:0:0:0:0:0:1
2026-06-14 12:33:38 [http-nio-8866-exec-4] DEBUG com.example.demo.security.IpFilter - Verificando IP: 0:0:0:0:0:0:0:1
2026-06-14 12:33:38 [http-nio-8866-exec-3] DEBUG com.example.demo.security.IpFilter - Verificando IP: 0:0:0:0:0:0:0:1
2026-06-14 12:33:40 [http-nio-8866-exec-2] DEBUG com.example.demo.security.IpFilter - Verificando IP: 0:0:0:0:0:0:0:1
2026-06-14 12:33:40 [http-nio-8866-exec-5] DEBUG com.example.demo.security.IpFilter - Verificando IP: 0:0:0:0:0:0:0:1
2026-06-14 12:33:40 [http-nio-8866-exec-10] DEBUG com.example.demo.security.IpFilter - Verificando IP: 0:0:0:0:0:0:0:1
2026-06-14 12:34:59 [http-nio-8866-exec-9] INFO  c.e.demo.service.TelegramService - ✅ Telegram message sent to 6641066558
2026-06-14 12:35:01 [http-nio-8866-exec-1] DEBUG com.example.demo.security.IpFilter - Verificando IP: 0:0:0:0:0:0:0:1
2026-06-14 12:35:01 [http-nio-8866-exec-4] DEBUG com.example.demo.security.IpFilter - Verificando IP: 0:0:0:0:0:0:0:1
2026-06-14 12:35:01 [http-nio-8866-exec-3] DEBUG com.example.demo.security.IpFilter - Verificando IP: 0:0:0:0:0:0:0:1
2026-06-14 12:35:16 [http-nio-8866-exec-2] INFO  c.e.demo.service.TelegramService - ✅ Telegram message sent to 6641066558
2026-06-14 12:35:32 [http-nio-8866-exec-5] INFO  c.e.demo.service.TelegramService - ✅ Telegram message sent to 6641066558
2026-06-14 12:35:33 [http-nio-8866-exec-10] DEBUG com.example.demo.security.IpFilter - Verificando IP: 0:0:0:0:0:0:0:1
2026-06-14 12:35:33 [http-nio-8866-exec-7] DEBUG com.example.demo.security.IpFilter - Verificando IP: 0:0:0:0:0:0:0:1
2026-06-14 12:35:33 [http-nio-8866-exec-8] DEBUG com.example.demo.security.IpFilter - Verificando IP: 0:0:0:0:0:0:0:1
2026-06-14 12:35:33 [http-nio-8866-exec-8] INFO  c.e.demo.security.SecurityConfig - 🔍 Buscando usuario: deikertd
2026-06-14 12:35:33 [http-nio-8866-exec-6] DEBUG com.example.demo.security.IpFilter - Verificando IP: 0:0:0:0:0:0:0:1
2026-06-14 12:35:40 [http-nio-8866-exec-1] DEBUG com.example.demo.security.IpFilter - Verificando IP: 0:0:0:0:0:0:0:1
2026-06-14 12:35:40 [http-nio-8866-exec-4] DEBUG com.example.demo.security.IpFilter - Verificando IP: 0:0:0:0:0:0:0:1
2026-06-14 12:35:40 [http-nio-8866-exec-3] DEBUG com.example.demo.security.IpFilter - Verificando IP: 0:0:0:0:0:0:0:1
2026-06-14 12:35:43 [http-nio-8866-exec-2] DEBUG com.example.demo.security.IpFilter - Verificando IP: 0:0:0:0:0:0:0:1
2026-06-14 12:35:43 [http-nio-8866-exec-5] DEBUG com.example.demo.security.IpFilter - Verificando IP: 0:0:0:0:0:0:0:1
2026-06-14 12:35:43 [http-nio-8866-exec-10] DEBUG com.example.demo.security.IpFilter - Verificando IP: 0:0:0:0:0:0:0:1
2026-06-14 12:36:04 [http-nio-8866-exec-8] DEBUG com.example.demo.security.IpFilter - Verificando IP: 0:0:0:0:0:0:0:1
2026-06-14 12:36:04 [http-nio-8866-exec-6] DEBUG com.example.demo.security.IpFilter - Verificando IP: 0:0:0:0:0:0:0:1
2026-06-14 12:36:04 [http-nio-8866-exec-9] DEBUG com.example.demo.security.IpFilter - Verificando IP: 0:0:0:0:0:0:0:1
2026-06-14 12:36:09 [http-nio-8866-exec-1] DEBUG com.example.demo.security.IpFilter - Verificando IP: 0:0:0:0:0:0:0:1
2026-06-14 12:36:09 [http-nio-8866-exec-4] DEBUG com.example.demo.security.IpFilter - Verificando IP: 0:0:0:0:0:0:0:1
2026-06-14 12:36:09 [http-nio-8866-exec-3] DEBUG com.example.demo.security.IpFilter - Verificando IP: 0:0:0:0:0:0:0:1
2026-06-14 12:36:16 [http-nio-8866-exec-2] INFO  c.example.demo.service.EmailService - ✅ 2FA code sent to deikertgonzalez321@gmail.com
2026-06-14 12:36:33 [http-nio-8866-exec-5] DEBUG com.example.demo.security.IpFilter - Verificando IP: 0:0:0:0:0:0:0:1
2026-06-14 12:36:33 [http-nio-8866-exec-10] DEBUG com.example.demo.security.IpFilter - Verificando IP: 0:0:0:0:0:0:0:1
2026-06-14 12:36:33 [http-nio-8866-exec-7] DEBUG com.example.demo.security.IpFilter - Verificando IP: 0:0:0:0:0:0:0:1
2026-06-14 12:36:35 [http-nio-8866-exec-8] DEBUG com.example.demo.security.IpFilter - Verificando IP: 0:0:0:0:0:0:0:1
2026-06-14 12:36:35 [http-nio-8866-exec-6] DEBUG com.example.demo.security.IpFilter - Verificando IP: 0:0:0:0:0:0:0:1
2026-06-14 12:36:35 [http-nio-8866-exec-9] DEBUG com.example.demo.security.IpFilter - Verificando IP: 0:0:0:0:0:0:0:1
2026-06-14 12:36:42 [http-nio-8866-exec-1] INFO  c.example.demo.service.EmailService - ✅ 2FA code sent to deikertgonzalez@gmail.com
2026-06-14 12:37:09 [http-nio-8866-exec-3] DEBUG com.example.demo.security.IpFilter - Verificando IP: 0:0:0:0:0:0:0:1
2026-06-14 12:37:09 [http-nio-8866-exec-2] DEBUG com.example.demo.security.IpFilter - Verificando IP: 0:0:0:0:0:0:0:1
2026-06-14 12:37:09 [http-nio-8866-exec-5] DEBUG com.example.demo.security.IpFilter - Verificando IP: 0:0:0:0:0:0:0:1
2026-06-14 12:40:09 [http-nio-8866-exec-7] INFO  c.e.demo.service.TelegramService - ✅ Telegram message sent to 6641066558
2026-06-14 12:40:28 [http-nio-8866-exec-8] INFO  c.e.demo.service.TelegramService - ✅ Telegram message sent to 6641066558
2026-06-14 12:40:29 [http-nio-8866-exec-6] DEBUG com.example.demo.security.IpFilter - Verificando IP: 0:0:0:0:0:0:0:1
2026-06-14 12:40:29 [http-nio-8866-exec-9] DEBUG com.example.demo.security.IpFilter - Verificando IP: 0:0:0:0:0:0:0:1
2026-06-14 12:40:29 [http-nio-8866-exec-1] DEBUG com.example.demo.security.IpFilter - Verificando IP: 0:0:0:0:0:0:0:1
2026-06-14 12:40:29 [http-nio-8866-exec-1] INFO  c.e.demo.security.SecurityConfig - 🔍 Buscando usuario: deikert
2026-06-14 12:40:29 [http-nio-8866-exec-4] DEBUG com.example.demo.security.IpFilter - Verificando IP: 0:0:0:0:0:0:0:1
2026-06-14 12:41:30 [http-nio-8866-exec-2] DEBUG com.example.demo.security.IpFilter - Verificando IP: 0:0:0:0:0:0:0:1
2026-06-14 12:41:30 [http-nio-8866-exec-2] INFO  c.e.demo.security.SecurityConfig - 🔍 Buscando usuario: deikert
2026-06-14 12:41:33 [http-nio-8866-exec-10] DEBUG com.example.demo.security.IpFilter - Verificando IP: 0:0:0:0:0:0:0:1
2026-06-14 12:41:33 [http-nio-8866-exec-7] DEBUG com.example.demo.security.IpFilter - Verificando IP: 0:0:0:0:0:0:0:1
2026-06-14 12:41:33 [http-nio-8866-exec-8] DEBUG com.example.demo.security.IpFilter - Verificando IP: 0:0:0:0:0:0:0:1
2026-06-14 12:41:36 [http-nio-8866-exec-6] DEBUG com.example.demo.security.IpFilter - Verificando IP: 0:0:0:0:0:0:0:1
2026-06-14 12:41:36 [http-nio-8866-exec-9] DEBUG com.example.demo.security.IpFilter - Verificando IP: 0:0:0:0:0:0:0:1
2026-06-14 12:41:36 [http-nio-8866-exec-1] DEBUG com.example.demo.security.IpFilter - Verificando IP: 0:0:0:0:0:0:0:1
2026-06-14 12:56:07 [http-nio-8866-exec-3] DEBUG com.example.demo.security.IpFilter - Verificando IP: 0:0:0:0:0:0:0:1
2026-06-14 12:56:07 [http-nio-8866-exec-2] DEBUG com.example.demo.security.IpFilter - Verificando IP: 0:0:0:0:0:0:0:1
2026-06-14 12:56:07 [http-nio-8866-exec-5] DEBUG com.example.demo.security.IpFilter - Verificando IP: 0:0:0:0:0:0:0:1
2026-06-14 12:56:12 [http-nio-8866-exec-10] DEBUG com.example.demo.security.IpFilter - Verificando IP: 0:0:0:0:0:0:0:1
2026-06-14 12:56:12 [http-nio-8866-exec-7] DEBUG com.example.demo.security.IpFilter - Verificando IP: 0:0:0:0:0:0:0:1
2026-06-14 12:56:12 [http-nio-8866-exec-8] DEBUG com.example.demo.security.IpFilter - Verificando IP: 0:0:0:0:0:0:0:1
2026-06-14 12:56:26 [http-nio-8866-exec-6] INFO  c.e.demo.service.TelegramService - ✅ Telegram message sent to 6641066558
2026-06-14 12:56:36 [http-nio-8866-exec-9] INFO  c.e.demo.service.TelegramService - ✅ Telegram message sent to 6641066558
2026-06-14 12:56:37 [http-nio-8866-exec-1] DEBUG com.example.demo.security.IpFilter - Verificando IP: 0:0:0:0:0:0:0:1
2026-06-14 12:56:37 [http-nio-8866-exec-4] DEBUG com.example.demo.security.IpFilter - Verificando IP: 0:0:0:0:0:0:0:1
2026-06-14 12:56:37 [http-nio-8866-exec-3] DEBUG com.example.demo.security.IpFilter - Verificando IP: 0:0:0:0:0:0:0:1
2026-06-14 12:56:37 [http-nio-8866-exec-3] INFO  c.e.demo.security.SecurityConfig - 🔍 Buscando usuario: deikert
2026-06-14 12:56:37 [http-nio-8866-exec-2] DEBUG com.example.demo.security.IpFilter - Verificando IP: 0:0:0:0:0:0:0:1
2026-06-14 12:57:04 [http-nio-8866-exec-5] DEBUG com.example.demo.security.IpFilter - Verificando IP: 0:0:0:0:0:0:0:1
2026-06-14 12:57:04 [http-nio-8866-exec-10] DEBUG com.example.demo.security.IpFilter - Verificando IP: 0:0:0:0:0:0:0:1
2026-06-14 12:57:04 [http-nio-8866-exec-7] DEBUG com.example.demo.security.IpFilter - Verificando IP: 0:0:0:0:0:0:0:1
2026-06-14 12:57:04 [http-nio-8866-exec-7] INFO  c.e.demo.security.SecurityConfig - 🔍 Buscando usuario: deikert
2026-06-14 12:57:04 [http-nio-8866-exec-8] DEBUG com.example.demo.security.IpFilter - Verificando IP: 0:0:0:0:0:0:0:1
2026-06-14 12:57:12 [http-nio-8866-exec-6] DEBUG com.example.demo.security.IpFilter - Verificando IP: 0:0:0:0:0:0:0:1
2026-06-14 12:57:12 [http-nio-8866-exec-6] INFO  c.e.demo.security.SecurityConfig - 🔍 Buscando usuario: deikert
2026-06-14 12:57:14 [http-nio-8866-exec-1] DEBUG com.example.demo.security.IpFilter - Verificando IP: 0:0:0:0:0:0:0:1
2026-06-14 12:57:14 [http-nio-8866-exec-4] DEBUG com.example.demo.security.IpFilter - Verificando IP: 0:0:0:0:0:0:0:1
2026-06-14 12:57:14 [http-nio-8866-exec-3] DEBUG com.example.demo.security.IpFilter - Verificando IP: 0:0:0:0:0:0:0:1
2026-06-14 12:57:22 [http-nio-8866-exec-2] DEBUG com.example.demo.security.IpFilter - Verificando IP: 0:0:0:0:0:0:0:1
2026-06-14 12:57:22 [http-nio-8866-exec-5] DEBUG com.example.demo.security.IpFilter - Verificando IP: 0:0:0:0:0:0:0:1
2026-06-14 12:57:22 [http-nio-8866-exec-10] DEBUG com.example.demo.security.IpFilter - Verificando IP: 0:0:0:0:0:0:0:1
2026-06-14 12:58:06 [http-nio-8866-exec-7] DEBUG com.example.demo.security.IpFilter - Verificando IP: 0:0:0:0:0:0:0:1
2026-06-14 12:58:06 [http-nio-8866-exec-6] DEBUG com.example.demo.security.IpFilter - Verificando IP: 0:0:0:0:0:0:0:1
2026-06-14 12:58:06 [http-nio-8866-exec-9] DEBUG com.example.demo.security.IpFilter - Verificando IP: 0:0:0:0:0:0:0:1
2026-06-14 12:58:26 [http-nio-8866-exec-4] INFO  c.e.demo.service.TelegramService - ✅ Telegram message sent to 6641066558
2026-06-14 12:58:51 [http-nio-8866-exec-2] INFO  c.e.demo.service.TelegramService - ✅ Telegram message sent to 6641066558
2026-06-14 12:58:52 [http-nio-8866-exec-5] DEBUG com.example.demo.security.IpFilter - Verificando IP: 0:0:0:0:0:0:0:1
2026-06-14 12:58:52 [http-nio-8866-exec-10] DEBUG com.example.demo.security.IpFilter - Verificando IP: 0:0:0:0:0:0:0:1
2026-06-14 12:58:52 [http-nio-8866-exec-8] DEBUG com.example.demo.security.IpFilter - Verificando IP: 0:0:0:0:0:0:0:1
2026-06-14 12:58:52 [http-nio-8866-exec-8] INFO  c.e.demo.security.SecurityConfig - 🔍 Buscando usuario: deikert
2026-06-14 12:58:52 [http-nio-8866-exec-7] DEBUG com.example.demo.security.IpFilter - Verificando IP: 0:0:0:0:0:0:0:1
2026-06-14 12:59:04 [http-nio-8866-exec-9] DEBUG com.example.demo.security.IpFilter - Verificando IP: 0:0:0:0:0:0:0:1
2026-06-14 12:59:04 [http-nio-8866-exec-1] DEBUG com.example.demo.security.IpFilter - Verificando IP: 0:0:0:0:0:0:0:1
2026-06-14 12:59:04 [http-nio-8866-exec-4] DEBUG com.example.demo.security.IpFilter - Verificando IP: 0:0:0:0:0:0:0:1
2026-06-14 12:59:06 [http-nio-8866-exec-3] DEBUG com.example.demo.security.IpFilter - Verificando IP: 0:0:0:0:0:0:0:1
2026-06-14 12:59:06 [http-nio-8866-exec-2] DEBUG com.example.demo.security.IpFilter - Verificando IP: 0:0:0:0:0:0:0:1
2026-06-14 12:59:06 [http-nio-8866-exec-5] DEBUG com.example.demo.security.IpFilter - Verificando IP: 0:0:0:0:0:0:0:1
2026-06-14 13:01:56 [http-nio-8866-exec-8] DEBUG com.example.demo.security.IpFilter - Verificando IP: 0:0:0:0:0:0:0:1
2026-06-14 13:01:56 [http-nio-8866-exec-6] DEBUG com.example.demo.security.IpFilter - Verificando IP: 0:0:0:0:0:0:0:1
2026-06-14 13:01:56 [http-nio-8866-exec-9] DEBUG com.example.demo.security.IpFilter - Verificando IP: 0:0:0:0:0:0:0:1
2026-06-14 13:01:59 [http-nio-8866-exec-1] DEBUG com.example.demo.security.IpFilter - Verificando IP: 0:0:0:0:0:0:0:1
2026-06-14 13:01:59 [http-nio-8866-exec-4] DEBUG com.example.demo.security.IpFilter - Verificando IP: 0:0:0:0:0:0:0:1
2026-06-14 13:01:59 [http-nio-8866-exec-3] DEBUG com.example.demo.security.IpFilter - Verificando IP: 0:0:0:0:0:0:0:1
2026-06-14 13:02:52 [http-nio-8866-exec-2] DEBUG com.example.demo.security.IpFilter - Verificando IP: 0:0:0:0:0:0:0:1
2026-06-14 13:02:52 [http-nio-8866-exec-5] DEBUG com.example.demo.security.IpFilter - Verificando IP: 0:0:0:0:0:0:0:1
2026-06-14 13:02:52 [http-nio-8866-exec-10] DEBUG com.example.demo.security.IpFilter - Verificando IP: 0:0:0:0:0:0:0:1
2026-06-14 13:03:16 [http-nio-8866-exec-7] DEBUG com.example.demo.security.IpFilter - Verificando IP: 0:0:0:0:0:0:0:1
2026-06-14 13:03:16 [http-nio-8866-exec-8] DEBUG com.example.demo.security.IpFilter - Verificando IP: 0:0:0:0:0:0:0:1
2026-06-14 13:03:16 [http-nio-8866-exec-6] DEBUG com.example.demo.security.IpFilter - Verificando IP: 0:0:0:0:0:0:0:1
2026-06-14 13:03:23 [http-nio-8866-exec-9] DEBUG com.example.demo.security.IpFilter - Verificando IP: 0:0:0:0:0:0:0:1
2026-06-14 13:03:23 [http-nio-8866-exec-1] DEBUG com.example.demo.security.IpFilter - Verificando IP: 0:0:0:0:0:0:0:1
2026-06-14 13:03:23 [http-nio-8866-exec-4] DEBUG com.example.demo.security.IpFilter - Verificando IP: 0:0:0:0:0:0:0:1
2026-06-14 13:03:39 [http-nio-8866-exec-3] DEBUG com.example.demo.security.IpFilter - Verificando IP: 0:0:0:0:0:0:0:1
2026-06-14 13:03:39 [http-nio-8866-exec-2] DEBUG com.example.demo.security.IpFilter - Verificando IP: 0:0:0:0:0:0:0:1
2026-06-14 13:03:39 [http-nio-8866-exec-5] DEBUG com.example.demo.security.IpFilter - Verificando IP: 0:0:0:0:0:0:0:1
2026-06-14 13:06:24 [http-nio-8866-exec-8] INFO  c.e.demo.service.TelegramService - ✅ Telegram message sent to 6641066558
2026-06-14 13:06:26 [http-nio-8866-exec-6] DEBUG com.example.demo.security.IpFilter - Verificando IP: 0:0:0:0:0:0:0:1
2026-06-14 13:06:26 [http-nio-8866-exec-9] DEBUG com.example.demo.security.IpFilter - Verificando IP: 0:0:0:0:0:0:0:1
2026-06-14 13:06:26 [http-nio-8866-exec-1] DEBUG com.example.demo.security.IpFilter - Verificando IP: 0:0:0:0:0:0:0:1
2026-06-14 13:06:48 [http-nio-8866-exec-4] INFO  c.e.demo.service.TelegramService - ✅ Telegram message sent to 6641066558
2026-06-14 13:07:00 [http-nio-8866-exec-3] INFO  c.e.demo.service.TelegramService - ✅ Telegram message sent to 6641066558
2026-06-14 13:07:01 [http-nio-8866-exec-2] DEBUG com.example.demo.security.IpFilter - Verificando IP: 0:0:0:0:0:0:0:1
2026-06-14 13:07:01 [http-nio-8866-exec-5] DEBUG com.example.demo.security.IpFilter - Verificando IP: 0:0:0:0:0:0:0:1
2026-06-14 13:07:01 [http-nio-8866-exec-10] DEBUG com.example.demo.security.IpFilter - Verificando IP: 0:0:0:0:0:0:0:1
2026-06-14 13:07:01 [http-nio-8866-exec-10] INFO  c.e.demo.security.SecurityConfig - 🔍 Buscando usuario: dayana
2026-06-14 13:07:01 [http-nio-8866-exec-7] DEBUG com.example.demo.security.IpFilter - Verificando IP: 0:0:0:0:0:0:0:1
2026-06-14 13:07:04 [http-nio-8866-exec-6] DEBUG com.example.demo.security.IpFilter - Verificando IP: 0:0:0:0:0:0:0:1
2026-06-14 13:07:05 [http-nio-8866-exec-9] DEBUG com.example.demo.security.IpFilter - Verificando IP: 0:0:0:0:0:0:0:1
2026-06-14 13:07:05 [http-nio-8866-exec-1] DEBUG com.example.demo.security.IpFilter - Verificando IP: 0:0:0:0:0:0:0:1
2026-06-14 13:07:06 [http-nio-8866-exec-4] DEBUG com.example.demo.security.IpFilter - Verificando IP: 0:0:0:0:0:0:0:1
2026-06-14 13:07:06 [http-nio-8866-exec-3] DEBUG com.example.demo.security.IpFilter - Verificando IP: 0:0:0:0:0:0:0:1
2026-06-14 13:07:06 [http-nio-8866-exec-2] DEBUG com.example.demo.security.IpFilter - Verificando IP: 0:0:0:0:0:0:0:1
2026-06-14 13:07:26 [http-nio-8866-exec-5] INFO  c.example.demo.service.EmailService - ✅ 2FA code sent to misseluzcategui@gmail.com
2026-06-14 13:23:00 [HikariPool-1:housekeeper] WARN  com.zaxxer.hikari.pool.HikariPool - HikariPool-1 - Thread starvation or clock leap detected (housekeeper delta=3m32s259ms203µs900ns).
2026-06-14 13:30:54 [main] INFO  com.example.demo.DemoApplication - Starting DemoApplication using Java 21.0.11 with PID 23932 (C:\Users\dayra\OneDrive\Desktop\SDS\demo\target\classes started by dayra in C:\Users\dayra\OneDrive\Desktop\SDS\demo)
2026-06-14 13:30:54 [main] DEBUG com.example.demo.DemoApplication - Running with Spring Boot v3.5.14, Spring v6.2.18
2026-06-14 13:30:54 [main] INFO  com.example.demo.DemoApplication - No active profile set, falling back to 1 default profile: "default"
2026-06-14 13:30:54 [main] INFO  o.s.d.r.c.RepositoryConfigurationDelegate - Bootstrapping Spring Data JPA repositories in DEFAULT mode.
2026-06-14 13:30:54 [main] INFO  o.s.d.r.c.RepositoryConfigurationDelegate - Finished Spring Data repository scanning in 43 ms. Found 4 JPA repository interfaces.
2026-06-14 13:30:54 [main] INFO  o.s.b.w.e.tomcat.TomcatWebServer - Tomcat initialized with port 8866 (http)
2026-06-14 13:30:54 [main] INFO  o.a.catalina.core.StandardService - Starting service [Tomcat]
2026-06-14 13:30:54 [main] INFO  o.a.catalina.core.StandardEngine - Starting Servlet engine: [Apache Tomcat/10.1.54]
2026-06-14 13:30:55 [main] INFO  o.a.c.c.C.[Tomcat].[localhost].[/] - Initializing Spring embedded WebApplicationContext
2026-06-14 13:30:55 [main] INFO  o.s.b.w.s.c.ServletWebServerApplicationContext - Root WebApplicationContext: initialization completed in 894 ms
2026-06-14 13:30:55 [main] INFO  o.s.o.j.p.SpringPersistenceUnitInfo - No LoadTimeWeaver setup: ignoring JPA class transformer
2026-06-14 13:30:55 [main] INFO  com.zaxxer.hikari.HikariDataSource - HikariPool-1 - Starting...
2026-06-14 13:30:55 [main] INFO  com.zaxxer.hikari.pool.HikariPool - HikariPool-1 - Added connection org.postgresql.jdbc.PgConnection@38cf3ae1
2026-06-14 13:30:55 [main] INFO  com.zaxxer.hikari.HikariDataSource - HikariPool-1 - Start completed.
2026-06-14 13:30:55 [main] WARN  org.hibernate.orm.deprecation - HHH90000025: PostgreSQLDialect does not need to be specified explicitly using 'hibernate.dialect' (remove the property setting and it will be selected by default)
2026-06-14 13:30:56 [main] INFO  o.s.o.j.LocalContainerEntityManagerFactoryBean - Initialized JPA EntityManagerFactory for persistence unit 'default'
2026-06-14 13:30:56 [main] INFO  o.s.d.j.r.query.QueryEnhancerFactory - Hibernate is in classpath; If applicable, HQL parser will be used.
2026-06-14 13:30:56 [main] DEBUG c.e.d.s.JwtAuthenticationFilter - Filter 'jwtAuthenticationFilter' configured for use
2026-06-14 13:30:56 [main] DEBUG com.example.demo.security.IpFilter - Filter 'ipFilter' configured for use
2026-06-14 13:30:56 [main] INFO  o.s.b.a.w.s.WelcomePageHandlerMapping - Adding welcome page: class path resource [static/index.html]
2026-06-14 13:30:57 [main] INFO  o.s.s.c.a.a.c.InitializeUserDetailsBeanManagerConfigurer$InitializeUserDetailsManagerConfigurer - Global AuthenticationManager configured with UserDetailsService bean with name userDetailsService
2026-06-14 13:30:57 [main] INFO  c.e.demo.security.SecurityConfig - Configurando SecurityFilterChain...
2026-06-14 13:30:57 [main] INFO  c.e.demo.security.SecurityConfig - Sesiones configuradas como STATELESS
2026-06-14 13:30:57 [main] INFO  c.e.demo.security.SecurityConfig - SecurityFilterChain configurado correctamente
2026-06-14 13:30:57 [main] WARN  o.s.b.w.s.c.AnnotationConfigServletWebServerApplicationContext - Exception encountered during context initialization - cancelling refresh attempt: org.springframework.context.ApplicationContextException: Failed to start bean 'webServerStartStop'
2026-06-14 13:30:57 [main] INFO  o.s.o.j.LocalContainerEntityManagerFactoryBean - Closing JPA EntityManagerFactory for persistence unit 'default'
2026-06-14 13:30:57 [main] INFO  com.zaxxer.hikari.HikariDataSource - HikariPool-1 - Shutdown initiated...
2026-06-14 13:30:57 [main] INFO  com.zaxxer.hikari.HikariDataSource - HikariPool-1 - Shutdown completed.
2026-06-14 13:30:57 [main] INFO  o.s.b.a.l.ConditionEvaluationReportLogger - 

Error starting ApplicationContext. To display the condition evaluation report re-run your application with 'debug' enabled.
2026-06-14 13:30:57 [main] ERROR o.s.b.d.LoggingFailureAnalysisReporter - 

***************************
APPLICATION FAILED TO START
***************************

Description:

Web server failed to start. Port 8866 was already in use.

Action:

Identify and stop the process that's listening on port 8866 or configure this application to listen on another port.

2026-06-14 13:31:14 [main] INFO  com.example.demo.DemoApplication - Starting DemoApplication using Java 21.0.11 with PID 16712 (C:\Users\dayra\OneDrive\Desktop\SDS\demo\target\classes started by dayra in C:\Users\dayra\OneDrive\Desktop\SDS\demo)
2026-06-14 13:31:14 [main] DEBUG com.example.demo.DemoApplication - Running with Spring Boot v3.5.14, Spring v6.2.18
2026-06-14 13:31:14 [main] INFO  com.example.demo.DemoApplication - No active profile set, falling back to 1 default profile: "default"
2026-06-14 13:31:15 [main] INFO  o.s.d.r.c.RepositoryConfigurationDelegate - Bootstrapping Spring Data JPA repositories in DEFAULT mode.
2026-06-14 13:31:15 [main] INFO  o.s.d.r.c.RepositoryConfigurationDelegate - Finished Spring Data repository scanning in 52 ms. Found 4 JPA repository interfaces.
2026-06-14 13:31:15 [main] INFO  o.s.b.w.e.tomcat.TomcatWebServer - Tomcat initialized with port 8866 (http)
2026-06-14 13:31:15 [main] INFO  o.a.catalina.core.StandardService - Starting service [Tomcat]
2026-06-14 13:31:15 [main] INFO  o.a.catalina.core.StandardEngine - Starting Servlet engine: [Apache Tomcat/10.1.54]
2026-06-14 13:31:15 [main] INFO  o.a.c.c.C.[Tomcat].[localhost].[/] - Initializing Spring embedded WebApplicationContext
2026-06-14 13:31:15 [main] INFO  o.s.b.w.s.c.ServletWebServerApplicationContext - Root WebApplicationContext: initialization completed in 939 ms
2026-06-14 13:31:16 [main] INFO  o.s.o.j.p.SpringPersistenceUnitInfo - No LoadTimeWeaver setup: ignoring JPA class transformer
2026-06-14 13:31:16 [main] INFO  com.zaxxer.hikari.HikariDataSource - HikariPool-1 - Starting...
2026-06-14 13:31:16 [main] INFO  com.zaxxer.hikari.pool.HikariPool - HikariPool-1 - Added connection org.postgresql.jdbc.PgConnection@11228bee
2026-06-14 13:31:16 [main] INFO  com.zaxxer.hikari.HikariDataSource - HikariPool-1 - Start completed.
2026-06-14 13:31:16 [main] WARN  org.hibernate.orm.deprecation - HHH90000025: PostgreSQLDialect does not need to be specified explicitly using 'hibernate.dialect' (remove the property setting and it will be selected by default)
2026-06-14 13:31:16 [main] INFO  o.s.o.j.LocalContainerEntityManagerFactoryBean - Initialized JPA EntityManagerFactory for persistence unit 'default'
2026-06-14 13:31:17 [main] INFO  o.s.d.j.r.query.QueryEnhancerFactory - Hibernate is in classpath; If applicable, HQL parser will be used.
2026-06-14 13:31:17 [main] DEBUG c.e.d.s.JwtAuthenticationFilter - Filter 'jwtAuthenticationFilter' configured for use
2026-06-14 13:31:17 [main] DEBUG com.example.demo.security.IpFilter - Filter 'ipFilter' configured for use
2026-06-14 13:31:17 [main] INFO  o.s.b.a.w.s.WelcomePageHandlerMapping - Adding welcome page: class path resource [static/index.html]
2026-06-14 13:31:17 [main] INFO  o.s.s.c.a.a.c.InitializeUserDetailsBeanManagerConfigurer$InitializeUserDetailsManagerConfigurer - Global AuthenticationManager configured with UserDetailsService bean with name userDetailsService
2026-06-14 13:31:17 [main] INFO  c.e.demo.security.SecurityConfig - Configurando SecurityFilterChain...
2026-06-14 13:31:17 [main] INFO  c.e.demo.security.SecurityConfig - Sesiones configuradas como STATELESS
2026-06-14 13:31:17 [main] INFO  c.e.demo.security.SecurityConfig - SecurityFilterChain configurado correctamente
2026-06-14 13:31:17 [main] WARN  o.s.b.w.s.c.AnnotationConfigServletWebServerApplicationContext - Exception encountered during context initialization - cancelling refresh attempt: org.springframework.context.ApplicationContextException: Failed to start bean 'webServerStartStop'
2026-06-14 13:31:17 [main] INFO  o.s.o.j.LocalContainerEntityManagerFactoryBean - Closing JPA EntityManagerFactory for persistence unit 'default'
2026-06-14 13:31:17 [main] INFO  com.zaxxer.hikari.HikariDataSource - HikariPool-1 - Shutdown initiated...
2026-06-14 13:31:17 [main] INFO  com.zaxxer.hikari.HikariDataSource - HikariPool-1 - Shutdown completed.
2026-06-14 13:31:17 [main] INFO  o.s.b.a.l.ConditionEvaluationReportLogger - 

Error starting ApplicationContext. To display the condition evaluation report re-run your application with 'debug' enabled.
2026-06-14 13:31:17 [main] ERROR o.s.b.d.LoggingFailureAnalysisReporter - 

***************************
APPLICATION FAILED TO START
***************************

Description:

Web server failed to start. Port 8866 was already in use.

Action:

Identify and stop the process that's listening on port 8866 or configure this application to listen on another port.

